Build started 10/12/2014 04:30:18 PM.
     1>Project "C:\Users\Kyle\documents\visual studio 2012\Projects\CHI Crossings Game\CHI Crossings Game\CHI Crossings Game.vcxproj" on node 2 (Build target(s)).
     1>ClCompile:
         C:\Program Files (x86)\Microsoft Visual Studio 11.0\VC\bin\CL.exe /c /I"C:\Program Files (x86)\SFML-2.1\include" /ZI /nologo /W3 /WX- /sdl /Od /Oy- /D SFML_STATIC /D _MBCS /Gm /EHsc /RTC1 /MDd /GS /fp:precise /Zc:wchar_t /Zc:forScope /Fo"Debug\\" /Fd"Debug\vc110.pdb" /Gd /TP /analyze- /errorReport:prompt Engine.cpp GraphicsManager.cpp ModuleHandler.cpp main.cpp
         GraphicsManager.cpp
         Generating Code...
         Skipping... (no relevant changes detected)
         main.cpp
         ModuleHandler.cpp
         Engine.cpp
       Link:
         C:\Program Files (x86)\Microsoft Visual Studio 11.0\VC\bin\link.exe /ERRORREPORT:PROMPT /OUT:"C:\Users\Kyle\documents\visual studio 2012\Projects\CHI Crossings Game\Debug\CHI Crossings Game.exe" /INCREMENTAL /NOLOGO /LIBPATH:"C:\Program Files (x86)\SFML-2.1\lib" "sfml-main-d.lib" "sfml-system-s-d.lib" "sfml-window-s-d.lib" "sfml-graphics-s-d.lib" "sfml-audio-s-d.lib" "sfml-network-s-d.lib" kernel32.lib user32.lib gdi32.lib winspool.lib comdlg32.lib advapi32.lib shell32.lib ole32.lib oleaut32.lib uuid.lib odbc32.lib odbccp32.lib /MANIFEST /MANIFESTUAC:"level='asInvoker' uiAccess='false'" /manifest:embed /DEBUG /PDB:"C:\Users\Kyle\documents\visual studio 2012\Projects\CHI Crossings Game\Debug\CHI Crossings Game.pdb" /TLBID:1 /DYNAMICBASE /NXCOMPAT /IMPLIB:"C:\Users\Kyle\documents\visual studio 2012\Projects\CHI Crossings Game\Debug\CHI Crossings Game.lib" /MACHINE:X86 Debug\AssetManager.obj
         Debug\BulletEntity.obj
         Debug\CharacterBehavior.obj
         Debug\CharacterEntity.obj
         Debug\Engine.obj
         Debug\Entity.obj
         Debug\GraphicsManager.obj
         Debug\Level.obj
         Debug\main.obj
         Debug\ModuleHandler.obj
         Debug\ObjectEntity.obj
         Debug\PlayerBehavior.obj
         CHI Crossings Game.vcxproj -> C:\Users\Kyle\documents\visual studio 2012\Projects\CHI Crossings Game\Debug\CHI Crossings Game.exe
     1>Done Building Project "C:\Users\Kyle\documents\visual studio 2012\Projects\CHI Crossings Game\CHI Crossings Game\CHI Crossings Game.vcxproj" (Build target(s)).

Build succeeded.

Time Elapsed 00:00:02.57
